# JRE version: Java(TM) SE Runtime Environment (18.0.2+9) (build 18.0.2+9-61)
# Java VM: Java HotSpot(TM) 64-Bit Server VM (18.0.2+9-61, mixed mode, sharing, tiered, compressed oops, compressed class ptrs, g1 gc, windows-amd64)
GC Precious Log:
 CardTable entry size: 512
 Card Set container configuration: InlinePtr #cards 4 size 8 Array Of Cards #cards 32 size 80 Howl #buckets 8 coarsen threshold 7372 Howl Bitmap #cards 1024 size 144 coarsen threshold 921 Card regions per heap region 1 cards per card region 8192
 CPUs: 12 total, 12 available
 Memory: 32511M
 Large Page Support: Disabled
 NUMA Support: Disabled
 Compressed Oops: Enabled (Zero based)
 Heap Region Size: 4M
 Heap Min Capacity: 8M
 Heap Initial Capacity: 508M
 Heap Max Capacity: 8128M
 Pre-touch: Disabled
 Parallel Workers: 10
 Concurrent Workers: 3
 Concurrent Refinement Workers: 10
 Periodic GC: Disabled
Heap:
 garbage-first heap   total 520192K, used 98015K [0x0000000604000000, 0x0000000800000000)
  region size 4096K, 4 young (16384K), 4 survivors (16384K)
 Metaspace       used 3246K, committed 3392K, reserved 1114112K
  class space    used 206K, committed 256K, reserved 1048576K
GC Heap History (11 events):
Event: 4.064 GC heap before
{Heap before GC invocations=0 (full 0):
 garbage-first heap   total 520192K, used 24576K [0x0000000604000000, 0x0000000800000000)
  region size 4096K, 6 young (24576K), 0 survivors (0K)
 Metaspace       used 3215K, committed 3328K, reserved 1114112K
  class space    used 206K, committed 256K, reserved 1048576K
}
Event: 4.070 GC heap after
{Heap after GC invocations=1 (full 0):
 garbage-first heap   total 520192K, used 7349K [0x0000000604000000, 0x0000000800000000)
  region size 4096K, 1 young (4096K), 1 survivors (4096K)
 Metaspace       used 3215K, committed 3328K, reserved 1114112K
  class space    used 206K, committed 256K, reserved 1048576K
}
Event: 4.334 GC heap before
{Heap before GC invocations=1 (full 0):
 garbage-first heap   total 520192K, used 27829K [0x0000000604000000, 0x0000000800000000)
  region size 4096K, 6 young (24576K), 1 survivors (4096K)
 Metaspace       used 3237K, committed 3392K, reserved 1114112K
  class space    used 206K, committed 256K, reserved 1048576K
}
Event: 4.339 GC heap after
{Heap after GC invocations=2 (full 0):
 garbage-first heap   total 520192K, used 13304K [0x0000000604000000, 0x0000000800000000)
  region size 4096K, 1 young (4096K), 1 survivors (4096K)
 Metaspace       used 3237K, committed 3392K, reserved 1114112K
  class space    used 206K, committed 256K, reserved 1048576K
}
Event: 4.933 GC heap before
{Heap before GC invocations=2 (full 0):
 garbage-first heap   total 520192K, used 58360K [0x0000000604000000, 0x0000000800000000)
  region size 4096K, 12 young (49152K), 1 survivors (4096K)
 Metaspace       used 3244K, committed 3392K, reserved 1114112K
  class space    used 206K, committed 256K, reserved 1048576K
}
Event: 4.943 GC heap after
{Heap after GC invocations=3 (full 0):
 garbage-first heap   total 520192K, used 26964K [0x0000000604000000, 0x0000000800000000)
  region size 4096K, 2 young (8192K), 2 survivors (8192K)
 Metaspace       used 3244K, committed 3392K, reserved 1114112K
  class space    used 206K, committed 256K, reserved 1048576K
}
Event: 5.693 GC heap before
{Heap before GC invocations=3 (full 0):
 garbage-first heap   total 520192K, used 84308K [0x0000000604000000, 0x0000000800000000)
  region size 4096K, 16 young (65536K), 2 survivors (8192K)
 Metaspace       used 3244K, committed 3392K, reserved 1114112K
  class space    used 206K, committed 256K, reserved 1048576K
}
Event: 5.704 GC heap after
{Heap after GC invocations=4 (full 0):
 garbage-first heap   total 520192K, used 45372K [0x0000000604000000, 0x0000000800000000)
  region size 4096K, 2 young (8192K), 2 survivors (8192K)
 Metaspace       used 3244K, committed 3392K, reserved 1114112K
  class space    used 206K, committed 256K, reserved 1048576K
}
Event: 6.454 GC heap before
{Heap before GC invocations=4 (full 0):
 garbage-first heap   total 520192K, used 110908K [0x0000000604000000, 0x0000000800000000)
  region size 4096K, 18 young (73728K), 2 survivors (8192K)
 Metaspace       used 3245K, committed 3392K, reserved 1114112K
  class space    used 206K, committed 256K, reserved 1048576K
}
Event: 6.469 GC heap after
{Heap after GC invocations=5 (full 0):
 garbage-first heap   total 520192K, used 67050K [0x0000000604000000, 0x0000000800000000)
  region size 4096K, 3 young (12288K), 3 survivors (12288K)
 Metaspace       used 3245K, committed 3392K, reserved 1114112K
  class space    used 206K, committed 256K, reserved 1048576K
}
Event: 7.493 GC heap before
{Heap before GC invocations=5 (full 0):
 garbage-first heap   total 520192K, used 161258K [0x0000000604000000, 0x0000000800000000)
  region size 4096K, 26 young (106496K), 3 survivors (12288K)
 Metaspace       used 3246K, committed 3392K, reserved 1114112K
  class space    used 206K, committed 256K, reserved 1048576K
}

