# JRE version: Java(TM) SE Runtime Environment (18.0.2+9) (build 18.0.2+9-61)
# Java VM: Java HotSpot(TM) 64-Bit Server VM (18.0.2+9-61, mixed mode, sharing, tiered, compressed oops, compressed class ptrs, g1 gc, windows-amd64)
GC Precious Log:
 CardTable entry size: 512
 Card Set container configuration: InlinePtr #cards 4 size 8 Array Of Cards #cards 32 size 80 Howl #buckets 8 coarsen threshold 7372 Howl Bitmap #cards 1024 size 144 coarsen threshold 921 Card regions per heap region 1 cards per card region 8192
 CPUs: 12 total, 12 available
 Memory: 32511M
 Large Page Support: Disabled
 NUMA Support: Disabled
 Compressed Oops: Enabled (Zero based)
 Heap Region Size: 4M
 Heap Min Capacity: 8M
 Heap Initial Capacity: 508M
 Heap Max Capacity: 8128M
 Pre-touch: Disabled
 Parallel Workers: 10
 Concurrent Workers: 3
 Concurrent Refinement Workers: 10
 Periodic GC: Disabled
Heap:
 garbage-first heap   total 520192K, used 162995K [0x0000000604000000, 0x0000000800000000)
  region size 4096K, 2 young (8192K), 2 survivors (8192K)
 Metaspace       used 3122K, committed 3264K, reserved 1114112K
  class space    used 198K, committed 256K, reserved 1048576K
GC Heap History (11 events):
Event: 5.401 GC heap before
{Heap before GC invocations=0 (full 0):
 garbage-first heap   total 520192K, used 24576K [0x0000000604000000, 0x0000000800000000)
  region size 4096K, 6 young (24576K), 0 survivors (0K)
 Metaspace       used 3111K, committed 3264K, reserved 1114112K
  class space    used 198K, committed 256K, reserved 1048576K
}
Event: 5.410 GC heap after
{Heap after GC invocations=1 (full 0):
 garbage-first heap   total 520192K, used 16704K [0x0000000604000000, 0x0000000800000000)
  region size 4096K, 1 young (4096K), 1 survivors (4096K)
 Metaspace       used 3111K, committed 3264K, reserved 1114112K
  class space    used 198K, committed 256K, reserved 1048576K
}
Event: 5.502 GC heap before
{Heap before GC invocations=1 (full 0):
 garbage-first heap   total 520192K, used 37184K [0x0000000604000000, 0x0000000800000000)
  region size 4096K, 6 young (24576K), 1 survivors (4096K)
 Metaspace       used 3115K, committed 3264K, reserved 1114112K
  class space    used 198K, committed 256K, reserved 1048576K
}
Event: 5.510 GC heap after
{Heap after GC invocations=2 (full 0):
 garbage-first heap   total 520192K, used 35752K [0x0000000604000000, 0x0000000800000000)
  region size 4096K, 1 young (4096K), 1 survivors (4096K)
 Metaspace       used 3115K, committed 3264K, reserved 1114112K
  class space    used 198K, committed 256K, reserved 1048576K
}
Event: 5.593 GC heap before
{Heap before GC invocations=2 (full 0):
 garbage-first heap   total 520192K, used 56232K [0x0000000604000000, 0x0000000800000000)
  region size 4096K, 6 young (24576K), 1 survivors (4096K)
 Metaspace       used 3116K, committed 3264K, reserved 1114112K
  class space    used 198K, committed 256K, reserved 1048576K
}
Event: 5.602 GC heap after
{Heap after GC invocations=3 (full 0):
 garbage-first heap   total 520192K, used 55215K [0x0000000604000000, 0x0000000800000000)
  region size 4096K, 1 young (4096K), 1 survivors (4096K)
 Metaspace       used 3116K, committed 3264K, reserved 1114112K
  class space    used 198K, committed 256K, reserved 1048576K
}
Event: 5.701 GC heap before
{Heap before GC invocations=3 (full 0):
 garbage-first heap   total 520192K, used 83887K [0x0000000604000000, 0x0000000800000000)
  region size 4096K, 8 young (32768K), 1 survivors (4096K)
 Metaspace       used 3117K, committed 3264K, reserved 1114112K
  class space    used 198K, committed 256K, reserved 1048576K
}
Event: 5.713 GC heap after
{Heap after GC invocations=4 (full 0):
 garbage-first heap   total 520192K, used 81920K [0x0000000604000000, 0x0000000800000000)
  region size 4096K, 1 young (4096K), 1 survivors (4096K)
 Metaspace       used 3117K, committed 3264K, reserved 1114112K
  class space    used 198K, committed 256K, reserved 1048576K
}
Event: 5.860 GC heap before
{Heap before GC invocations=4 (full 0):
 garbage-first heap   total 520192K, used 118784K [0x0000000604000000, 0x0000000800000000)
  region size 4096K, 10 young (40960K), 1 survivors (4096K)
 Metaspace       used 3117K, committed 3264K, reserved 1114112K
  class space    used 198K, committed 256K, reserved 1048576K
}
Event: 5.875 GC heap after
{Heap after GC invocations=5 (full 0):
 garbage-first heap   total 520192K, used 116548K [0x0000000604000000, 0x0000000800000000)
  region size 4096K, 2 young (8192K), 2 survivors (8192K)
 Metaspace       used 3117K, committed 3264K, reserved 1114112K
  class space    used 198K, committed 256K, reserved 1048576K
}
Event: 6.062 GC heap before
{Heap before GC invocations=5 (full 0):
 garbage-first heap   total 520192K, used 165700K [0x0000000604000000, 0x0000000800000000)
  region size 4096K, 14 young (57344K), 2 survivors (8192K)
 Metaspace       used 3122K, committed 3264K, reserved 1114112K
  class space    used 198K, committed 256K, reserved 1048576K
}

